<?xml version="1.0" encoding="UTF-8"?>
<testng-results ignored="0" total="1" passed="1" failed="0" skipped="0">
  <reporter-output>
  </reporter-output>
  <suite started-at="2024-11-14T18:04:32 IST" name="Default suite" finished-at="2024-11-14T18:04:41 IST" duration-ms="9048">
    <groups>
    </groups>
    <test started-at="2024-11-14T18:04:32 IST" name="Default test" finished-at="2024-11-14T18:04:41 IST" duration-ms="9048">
      <class name="TC_Super_Admin.TC_Super_Admin_Caste">
        <test-method is-config="true" signature="Invoke()[pri:0, instance:TC_Super_Admin.TC_Super_Admin_Caste@4686afc2]" started-at="2024-11-14T18:04:30 IST" name="Invoke" finished-at="2024-11-14T18:04:32 IST" duration-ms="1844" status="PASS">
          <reporter-output>
          </reporter-output>
        </test-method> <!-- Invoke -->
        <test-method is-config="true" signature="pageobject()[pri:0, instance:TC_Super_Admin.TC_Super_Admin_Caste@4686afc2]" started-at="2024-11-14T18:04:32 IST" name="pageobject" finished-at="2024-11-14T18:04:32 IST" duration-ms="46" status="PASS">
          <reporter-output>
          </reporter-output>
        </test-method> <!-- pageobject -->
        <test-method signature="TC_LMD_1000_Caste_Curd()[pri:0, instance:TC_Super_Admin.TC_Super_Admin_Caste@4686afc2]" started-at="2024-11-14T18:04:32 IST" name="TC_LMD_1000_Caste_Curd" finished-at="2024-11-14T18:04:41 IST" duration-ms="8960" status="PASS">
          <reporter-output>
          </reporter-output>
        </test-method> <!-- TC_LMD_1000_Caste_Curd -->
        <test-method is-config="true" signature="Close()[pri:0, instance:TC_Super_Admin.TC_Super_Admin_Caste@4686afc2]" started-at="2024-11-14T18:04:41 IST" name="Close" finished-at="2024-11-14T18:04:41 IST" duration-ms="199" status="PASS">
          <reporter-output>
          </reporter-output>
        </test-method> <!-- Close -->
      </class> <!-- TC_Super_Admin.TC_Super_Admin_Caste -->
    </test> <!-- Default test -->
  </suite> <!-- Default suite -->
</testng-results>
